ARM GAS  /tmp/ccUR0ZWz.s 			page 1


   1              		.cpu cortex-m0plus
   2              		.eabi_attribute 20, 1
   3              		.eabi_attribute 21, 1
   4              		.eabi_attribute 23, 3
   5              		.eabi_attribute 24, 1
   6              		.eabi_attribute 25, 1
   7              		.eabi_attribute 26, 1
   8              		.eabi_attribute 30, 6
   9              		.eabi_attribute 34, 0
  10              		.eabi_attribute 18, 4
  11              		.file	"main.cpp"
  12              		.text
  13              	.Ltext0:
  14              		.cfi_sections	.debug_frame
  15              		.section	.text.main,"ax",%progbits
  16              		.align	1
  17              		.global	main
  18              		.arch armv6s-m
  19              		.syntax unified
  20              		.code	16
  21              		.thumb_func
  22              		.fpu softvfp
  24              	main:
  25              		.fnstart
  26              	.LFB40:
  27              		.file 1 "./src/main.cpp"
   1:./src/main.cpp **** /*
   2:./src/main.cpp ****  * $projectname$.cpp
   3:./src/main.cpp ****  *
   4:./src/main.cpp ****  * Created: $date$
   5:./src/main.cpp ****  * Author : $user$
   6:./src/main.cpp ****  */ 
   7:./src/main.cpp **** 
   8:./src/main.cpp **** #include "sam.h"
   9:./src/main.cpp **** 
  10:./src/main.cpp **** 
  11:./src/main.cpp **** int main(void)
  12:./src/main.cpp **** {
  28              		.loc 1 12 1
  29              		.cfi_startproc
  30              		@ args = 0, pretend = 0, frame = 8
  31              		@ frame_needed = 1, uses_anonymous_args = 0
  32 0000 80B5     		push	{r7, lr}
  33              	.LCFI0:
  34              		.cfi_def_cfa_offset 8
  35              		.cfi_offset 7, -8
  36              		.cfi_offset 14, -4
  37 0002 82B0     		sub	sp, sp, #8
  38              	.LCFI1:
  39              		.cfi_def_cfa_offset 16
  40 0004 00AF     		add	r7, sp, #0
  41              	.LCFI2:
  42              		.cfi_def_cfa_register 7
  13:./src/main.cpp ****     /* Replace with your application code */
  14:./src/main.cpp ****     uint8_t test =0;
  43              		.loc 1 14 13
  44 0006 FB1D     		adds	r3, r7, #7
ARM GAS  /tmp/ccUR0ZWz.s 			page 2


  45 0008 0022     		movs	r2, #0
  46 000a 1A70     		strb	r2, [r3]
  47              	.L2:
  15:./src/main.cpp ****     while (1) 
  16:./src/main.cpp ****     {
  17:./src/main.cpp ****         test++;
  48              		.loc 1 17 13 discriminator 1
  49 000c FB1D     		adds	r3, r7, #7
  50 000e 1A78     		ldrb	r2, [r3]
  51 0010 FB1D     		adds	r3, r7, #7
  52 0012 0132     		adds	r2, r2, #1
  53 0014 1A70     		strb	r2, [r3]
  54 0016 F9E7     		b	.L2
  55              		.cfi_endproc
  56              	.LFE40:
  57              		.cantunwind
  58              		.fnend
  60              		.text
  61              	.Letext0:
  62              		.file 2 "/usr/share/gcc-arm-none-eabi-10.3-2021.07/arm-none-eabi/include/machine/_default_types.h"
  63              		.file 3 "/usr/share/gcc-arm-none-eabi-10.3-2021.07/arm-none-eabi/include/sys/_stdint.h"
ARM GAS  /tmp/ccUR0ZWz.s 			page 3


DEFINED SYMBOLS
                            *ABS*:0000000000000000 main.cpp
     /tmp/ccUR0ZWz.s:16     .text.main:0000000000000000 $t
     /tmp/ccUR0ZWz.s:24     .text.main:0000000000000000 main
             .ARM.exidx.text.main:0000000000000000 $d

NO UNDEFINED SYMBOLS
